<?xml version="1.0" encoding="utf-8"?>
<TestRun id="f9a9d4a0-4963-43d3-af77-f22473561e33" name="Jhonatan Medeiros@DESKTOP-8DRS4MO 2023-11-07 15:53:20" runUser="DESKTOP-8DRS4MO\Jhonatan Medeiros" xmlns="http://microsoft.com/schemas/VisualStudio/TeamTest/2010">
  <Times creation="2023-11-07T15:53:20.8787892-03:00" queuing="2023-11-07T15:53:20.8787892-03:00" start="2023-11-07T15:53:20.5116804-03:00" finish="2023-11-07T15:53:20.9097976-03:00" />
  <TestSettings name="default" id="c37938f7-86e5-44de-8223-c02c2b4aaeb6">
    <Deployment runDeploymentRoot="Jhonatan_Medeiros_DESKTOP-8DRS4MO_2023-11-07_15_53_20" />
  </TestSettings>
  <Results>
    <UnitTestResult executionId="e9a4d8b1-d104-4b8d-b9d7-a1399abddf2e" testId="0a89b42c-c480-e003-024c-22e7e8602f9e" testName="ContainsTest" computerName="DESKTOP-8DRS4MO" duration="00:00:00.0001889" startTime="2023-11-07T15:53:20.8870963-03:00" endTime="2023-11-07T15:53:20.8873809-03:00" testType="13cdc9d9-ddb5-4fa4-a97d-d965ccfc6d4b" outcome="Passed" testListId="8c84fa94-04c1-424b-9868-57a2d4851a1d" relativeResultsDirectory="e9a4d8b1-d104-4b8d-b9d7-a1399abddf2e" />
    <UnitTestResult executionId="420bcdce-70e4-4eaa-ad8c-146b644bf5a1" testId="a0fd5671-8411-889a-9314-90c3081cc28f" testName="IsNullTest" computerName="DESKTOP-8DRS4MO" duration="00:00:00.0001539" startTime="2023-11-07T15:53:20.8868764-03:00" endTime="2023-11-07T15:53:20.8870781-03:00" testType="13cdc9d9-ddb5-4fa4-a97d-d965ccfc6d4b" outcome="Passed" testListId="8c84fa94-04c1-424b-9868-57a2d4851a1d" relativeResultsDirectory="420bcdce-70e4-4eaa-ad8c-146b644bf5a1" />
    <UnitTestResult executionId="872d9b3c-8a6f-4c49-bf09-c4b23a54a9d9" testId="d3aeb402-f267-838f-70f8-63a0681d2ded" testName="AreCollectionsEquivalentTest" computerName="DESKTOP-8DRS4MO" duration="00:00:00.0010605" startTime="2023-11-07T15:53:20.8565814-03:00" endTime="2023-11-07T15:53:20.8576828-03:00" testType="13cdc9d9-ddb5-4fa4-a97d-d965ccfc6d4b" outcome="Passed" testListId="8c84fa94-04c1-424b-9868-57a2d4851a1d" relativeResultsDirectory="872d9b3c-8a6f-4c49-bf09-c4b23a54a9d9" />
    <UnitTestResult executionId="a530de06-84dc-4b04-ad4b-cb2af5a5e7af" testId="43303f6c-43eb-037f-ca5d-af21856519cc" testName="AreSameTest" computerName="DESKTOP-8DRS4MO" duration="00:00:00.0001152" startTime="2023-11-07T15:53:20.8848132-03:00" endTime="2023-11-07T15:53:20.8849641-03:00" testType="13cdc9d9-ddb5-4fa4-a97d-d965ccfc6d4b" outcome="Passed" testListId="8c84fa94-04c1-424b-9868-57a2d4851a1d" relativeResultsDirectory="a530de06-84dc-4b04-ad4b-cb2af5a5e7af" />
    <UnitTestResult executionId="de0faf23-4648-4dac-9edc-fbe149bdd42a" testId="ae609710-540d-4177-3b0d-c403af3e4c32" testName="AreStringsNotequalTest" computerName="DESKTOP-8DRS4MO" duration="00:00:00.0000812" startTime="2023-11-07T15:53:20.8541694-03:00" endTime="2023-11-07T15:53:20.8543545-03:00" testType="13cdc9d9-ddb5-4fa4-a97d-d965ccfc6d4b" outcome="Passed" testListId="8c84fa94-04c1-424b-9868-57a2d4851a1d" relativeResultsDirectory="de0faf23-4648-4dac-9edc-fbe149bdd42a" />
    <UnitTestResult executionId="ea9e9b4f-3dbb-428a-bc48-32b3fee9c3ad" testId="7defa3ef-4072-1146-2676-6f6a26525812" testName="IsNotAllLowerCaseTest" computerName="DESKTOP-8DRS4MO" duration="00:00:00.0001360" startTime="2023-11-07T15:53:20.8876705-03:00" endTime="2023-11-07T15:53:20.8878460-03:00" testType="13cdc9d9-ddb5-4fa4-a97d-d965ccfc6d4b" outcome="Passed" testListId="8c84fa94-04c1-424b-9868-57a2d4851a1d" relativeResultsDirectory="ea9e9b4f-3dbb-428a-bc48-32b3fee9c3ad" />
    <UnitTestResult executionId="cc69e106-0b27-4b93-b13d-263753d9e851" testId="f6745f77-08e8-0245-6617-688928cdf7fa" testName="AreCollectionsEqualWithComparerTest" computerName="DESKTOP-8DRS4MO" duration="00:00:00.0004474" startTime="2023-11-07T15:53:20.8560752-03:00" endTime="2023-11-07T15:53:20.8565637-03:00" testType="13cdc9d9-ddb5-4fa4-a97d-d965ccfc6d4b" outcome="Passed" testListId="8c84fa94-04c1-424b-9868-57a2d4851a1d" relativeResultsDirectory="cc69e106-0b27-4b93-b13d-263753d9e851" />
    <UnitTestResult executionId="d2da036f-5b4b-4372-aca9-9346b01a36a6" testId="d249ae36-c5a8-7760-ec6a-9aff2ca54f8c" testName="IsAllLowerCaseTest" computerName="DESKTOP-8DRS4MO" duration="00:00:00.0002177" startTime="2023-11-07T15:53:20.8873982-03:00" endTime="2023-11-07T15:53:20.8876534-03:00" testType="13cdc9d9-ddb5-4fa4-a97d-d965ccfc6d4b" outcome="Passed" testListId="8c84fa94-04c1-424b-9868-57a2d4851a1d" relativeResultsDirectory="d2da036f-5b4b-4372-aca9-9346b01a36a6" />
    <UnitTestResult executionId="b4a4f7d5-55bd-4953-a4fe-3b32a988e8b9" testId="928aa985-ca73-c448-5d8b-b6e6f1f3a744" testName="FileNameDoesExist" computerName="DESKTOP-8DRS4MO" duration="00:00:00.0037260" startTime="2023-11-07T15:53:20.8782928-03:00" endTime="2023-11-07T15:53:20.8824713-03:00" testType="13cdc9d9-ddb5-4fa4-a97d-d965ccfc6d4b" outcome="Passed" testListId="8c84fa94-04c1-424b-9868-57a2d4851a1d" relativeResultsDirectory="b4a4f7d5-55bd-4953-a4fe-3b32a988e8b9">
      <Output>
        <StdOut>TestContext Messages:
In FileProcessTest.ClassInitialize() method&#xD;
in FileProcessTest.TestInitialize() method&#xD;
 Test Purpose: Check to see if a file exists.
Test Owner: JhonatanM.&#xD;
Checking for File: 'C:\Users\Jhonatan Medeiros\AppData\Roaming\TestFile.txt'.</StdOut>
      </Output>
    </UnitTestResult>
    <UnitTestResult executionId="89336c2c-3225-493b-9552-30580c2346fc" testId="0afa7d29-06f5-3a62-8ce9-439993ab8178" testName="FileNameNullOrEmpty_UsingExpectedExceptionAttribute" computerName="DESKTOP-8DRS4MO" duration="00:00:00.0010874" startTime="2023-11-07T15:53:20.8827512-03:00" endTime="2023-11-07T15:53:20.8839295-03:00" testType="13cdc9d9-ddb5-4fa4-a97d-d965ccfc6d4b" outcome="Passed" testListId="8c84fa94-04c1-424b-9868-57a2d4851a1d" relativeResultsDirectory="89336c2c-3225-493b-9552-30580c2346fc">
      <Output>
        <StdOut>TestContext Messages:
in FileProcessTest.TestInitialize() method&#xD;
 Test Purpose: Check for a thrown ArgumentNullException using ExpectedException.
Test Owner: JhonatanM.&#xD;
Checking for an empty file name.</StdOut>
      </Output>
    </UnitTestResult>
    <UnitTestResult executionId="291de497-3a36-4bf1-9260-de0dd335df70" testId="329f17bf-5afb-dd86-9822-1b3c4938b93f" testName="AreNotSameTest" computerName="DESKTOP-8DRS4MO" duration="00:00:00.0000980" startTime="2023-11-07T15:53:20.8846048-03:00" endTime="2023-11-07T15:53:20.8847955-03:00" testType="13cdc9d9-ddb5-4fa4-a97d-d965ccfc6d4b" outcome="Passed" testListId="8c84fa94-04c1-424b-9868-57a2d4851a1d" relativeResultsDirectory="291de497-3a36-4bf1-9260-de0dd335df70" />
    <UnitTestResult executionId="5b9224ca-4461-4f29-85a8-39cf50b2ca04" testId="e40784d4-b509-7b24-dc06-ffcaafa43c7b" testName="FileNameNullOrEmpty_UsingTryCatch_ShouldReturnThrowArgumentNullException" computerName="DESKTOP-8DRS4MO" duration="00:00:00.0001416" startTime="2023-11-07T15:53:20.8839590-03:00" endTime="2023-11-07T15:53:20.8841602-03:00" testType="13cdc9d9-ddb5-4fa4-a97d-d965ccfc6d4b" outcome="Passed" testListId="8c84fa94-04c1-424b-9868-57a2d4851a1d" relativeResultsDirectory="5b9224ca-4461-4f29-85a8-39cf50b2ca04">
      <Output>
        <StdOut>TestContext Messages:
in FileProcessTest.TestInitialize() method&#xD;
 Test Purpose: Check for a thrown ArgumentNullException using ExpectedException.
Test Owner: JhonatanM.&#xD;
Checking for an empty file name.</StdOut>
      </Output>
    </UnitTestResult>
    <UnitTestResult executionId="b59a6994-9924-44e5-a013-3fdcbc87e422" testId="349405bd-15be-dc46-9591-e9ec7696e12d" testName="IsInstanceOfTypeTest" computerName="DESKTOP-8DRS4MO" duration="00:00:00.0003107" startTime="2023-11-07T15:53:20.8849804-03:00" endTime="2023-11-07T15:53:20.8853271-03:00" testType="13cdc9d9-ddb5-4fa4-a97d-d965ccfc6d4b" outcome="Passed" testListId="8c84fa94-04c1-424b-9868-57a2d4851a1d" relativeResultsDirectory="b59a6994-9924-44e5-a013-3fdcbc87e422" />
    <UnitTestResult executionId="afcb7ac1-b548-4329-8bfa-8a140a09d556" testId="0879e1d7-37ec-baae-5799-be359437284a" testName="AreCollectionsNotEqual" computerName="DESKTOP-8DRS4MO" duration="00:00:00.0001915" startTime="2023-11-07T15:53:20.8780223-03:00" endTime="2023-11-07T15:53:20.8782681-03:00" testType="13cdc9d9-ddb5-4fa4-a97d-d965ccfc6d4b" outcome="Passed" testListId="8c84fa94-04c1-424b-9868-57a2d4851a1d" relativeResultsDirectory="afcb7ac1-b548-4329-8bfa-8a140a09d556" />
    <UnitTestResult executionId="da917dac-e329-4c00-8096-860acfe436df" testId="1c9dff2c-341b-c00c-e0a5-7a65188e51ea" testName="AreCollectionsEqualTest" computerName="DESKTOP-8DRS4MO" duration="00:00:00.0012468" startTime="2023-11-07T15:53:20.8543728-03:00" endTime="2023-11-07T15:53:20.8557173-03:00" testType="13cdc9d9-ddb5-4fa4-a97d-d965ccfc6d4b" outcome="Passed" testListId="8c84fa94-04c1-424b-9868-57a2d4851a1d" relativeResultsDirectory="da917dac-e329-4c00-8096-860acfe436df" />
    <UnitTestResult executionId="881019af-657a-4afc-8c89-dcf029bf2f73" testId="8b48ffd8-8c07-5f7b-0eb6-d4aee87d6161" testName="SimulateTimeout" computerName="DESKTOP-8DRS4MO" startTime="2023-11-07T15:53:20.8841794-03:00" endTime="2023-11-07T15:53:20.8845867-03:00" testType="13cdc9d9-ddb5-4fa4-a97d-d965ccfc6d4b" outcome="NotExecuted" testListId="8c84fa94-04c1-424b-9868-57a2d4851a1d" relativeResultsDirectory="881019af-657a-4afc-8c89-dcf029bf2f73">
      <Output></Output>
    </UnitTestResult>
    <UnitTestResult executionId="534b0daa-2834-4a52-b60f-656e1f78592f" testId="a8ec7669-05fa-c09b-dc1e-ee93d72cc232" testName="AreNumbersNotEqualTest" computerName="DESKTOP-8DRS4MO" duration="00:00:00.0001837" startTime="2023-11-07T15:53:20.8533026-03:00" endTime="2023-11-07T15:53:20.8535533-03:00" testType="13cdc9d9-ddb5-4fa4-a97d-d965ccfc6d4b" outcome="Passed" testListId="8c84fa94-04c1-424b-9868-57a2d4851a1d" relativeResultsDirectory="534b0daa-2834-4a52-b60f-656e1f78592f" />
    <UnitTestResult executionId="acea2c62-b344-4fa2-bb41-d25e6c79b624" testId="7f83ca3a-7635-69e1-50de-412fcffcc02c" testName="AreStringsEqualCaseInsensitiveTest" computerName="DESKTOP-8DRS4MO" duration="00:00:00.0002426" startTime="2023-11-07T15:53:20.8535981-03:00" endTime="2023-11-07T15:53:20.8538810-03:00" testType="13cdc9d9-ddb5-4fa4-a97d-d965ccfc6d4b" outcome="Passed" testListId="8c84fa94-04c1-424b-9868-57a2d4851a1d" relativeResultsDirectory="acea2c62-b344-4fa2-bb41-d25e6c79b624" />
    <UnitTestResult executionId="762aa44e-ede9-4504-a683-95d6c45a7ec2" testId="7b60a29a-57ad-fdf1-b839-f70b4a1c1c9b" testName="AreStringsEqualTest" computerName="DESKTOP-8DRS4MO" duration="00:00:00.0002109" startTime="2023-11-07T15:53:20.8538983-03:00" endTime="2023-11-07T15:53:20.8541521-03:00" testType="13cdc9d9-ddb5-4fa4-a97d-d965ccfc6d4b" outcome="Passed" testListId="8c84fa94-04c1-424b-9868-57a2d4851a1d" relativeResultsDirectory="762aa44e-ede9-4504-a683-95d6c45a7ec2" />
    <UnitTestResult executionId="71fc25a8-b8ed-4321-8323-cfec7bf348da" testId="6b43e93e-f120-06d2-4b03-fb6b542abd9d" testName="AreCollectionsEqualTestNumbers" computerName="DESKTOP-8DRS4MO" duration="00:00:00.0002774" startTime="2023-11-07T15:53:20.8557348-03:00" endTime="2023-11-07T15:53:20.8560544-03:00" testType="13cdc9d9-ddb5-4fa4-a97d-d965ccfc6d4b" outcome="Passed" testListId="8c84fa94-04c1-424b-9868-57a2d4851a1d" relativeResultsDirectory="71fc25a8-b8ed-4321-8323-cfec7bf348da" />
    <UnitTestResult executionId="2291ff7d-9aa5-4604-b057-e6bb28b267d0" testId="402f6b20-fb4a-3def-4f56-b587cedd1a5a" testName="AreNumbersEqualTest" computerName="DESKTOP-8DRS4MO" duration="00:00:00.0022683" startTime="2023-11-07T15:53:20.8255381-03:00" endTime="2023-11-07T15:53:20.8483669-03:00" testType="13cdc9d9-ddb5-4fa4-a97d-d965ccfc6d4b" outcome="Passed" testListId="8c84fa94-04c1-424b-9868-57a2d4851a1d" relativeResultsDirectory="2291ff7d-9aa5-4604-b057-e6bb28b267d0">
      <Output>
        <StdOut>TestContext Messages:
In MyClassesTest.AssemblyInitCleanup.Assembly</StdOut>
      </Output>
    </UnitTestResult>
    <UnitTestResult executionId="75649fb7-e64a-403c-8b9b-6a595f924ffa" testId="493d7b7e-df7b-d5f9-2de8-9a463daf289c" testName="StartsWithTest" computerName="DESKTOP-8DRS4MO" duration="00:00:00.0001226" startTime="2023-11-07T15:53:20.8878681-03:00" endTime="2023-11-07T15:53:20.8880262-03:00" testType="13cdc9d9-ddb5-4fa4-a97d-d965ccfc6d4b" outcome="Passed" testListId="8c84fa94-04c1-424b-9868-57a2d4851a1d" relativeResultsDirectory="75649fb7-e64a-403c-8b9b-6a595f924ffa" />
    <UnitTestResult executionId="90a0347d-462d-4057-bbbf-48ac9a0d49c9" testId="6f90c9b0-a18c-f05c-3cc2-7cca266a69be" testName="FileNameDoesNotExist" computerName="DESKTOP-8DRS4MO" duration="00:00:00.0001652" startTime="2023-11-07T15:53:20.8825100-03:00" endTime="2023-11-07T15:53:20.8827283-03:00" testType="13cdc9d9-ddb5-4fa4-a97d-d965ccfc6d4b" outcome="Passed" testListId="8c84fa94-04c1-424b-9868-57a2d4851a1d" relativeResultsDirectory="90a0347d-462d-4057-bbbf-48ac9a0d49c9">
      <Output>
        <StdOut>TestContext Messages:
in FileProcessTest.TestInitialize() method&#xD;
 Test Purpose: Check to see if file does not exist.
Test Owner: JhonatanM.&#xD;
Checking for File: 'C:\NotExists.txt' does NOT exist.</StdOut>
      </Output>
    </UnitTestResult>
  </Results>
  <TestDefinitions>
    <UnitTest name="AreSameTest" storage="c:\users\jhonatan medeiros\source\repos\myclasses\myclassestest\bin\debug\net6.0\myclassestest.dll" id="43303f6c-43eb-037f-ca5d-af21856519cc">
      <Execution id="a530de06-84dc-4b04-ad4b-cb2af5a5e7af" />
      <TestMethod codeBase="C:\Users\Jhonatan Medeiros\source\repos\MyClasses\MyClassesTest\bin\Debug\net6.0\MyClassesTest.dll" adapterTypeName="executor://mstestadapter/v2" className="MyClassesTest.ObjectTypeTest" name="AreSameTest" />
    </UnitTest>
    <UnitTest name="FileNameNullOrEmpty_UsingTryCatch_ShouldReturnThrowArgumentNullException" storage="c:\users\jhonatan medeiros\source\repos\myclasses\myclassestest\bin\debug\net6.0\myclassestest.dll" priority="2" id="e40784d4-b509-7b24-dc06-ffcaafa43c7b">
      <Owners>
        <Owner name="JhonatanM" />
      </Owners>
      <TestCategory>
        <TestCategoryItem TestCategory="Exception" />
      </TestCategory>
      <Execution id="5b9224ca-4461-4f29-85a8-39cf50b2ca04" />
      <TestMethod codeBase="C:\Users\Jhonatan Medeiros\source\repos\MyClasses\MyClassesTest\bin\Debug\net6.0\MyClassesTest.dll" adapterTypeName="executor://mstestadapter/v2" className="MyClassesTest.FileProcessTest" name="FileNameNullOrEmpty_UsingTryCatch_ShouldReturnThrowArgumentNullException" />
    </UnitTest>
    <UnitTest name="AreStringsNotequalTest" storage="c:\users\jhonatan medeiros\source\repos\myclasses\myclassestest\bin\debug\net6.0\myclassestest.dll" id="ae609710-540d-4177-3b0d-c403af3e4c32">
      <Execution id="de0faf23-4648-4dac-9edc-fbe149bdd42a" />
      <TestMethod codeBase="C:\Users\Jhonatan Medeiros\source\repos\MyClasses\MyClassesTest\bin\Debug\net6.0\MyClassesTest.dll" adapterTypeName="executor://mstestadapter/v2" className="MyClassesTest.AssertEqualityTest" name="AreStringsNotequalTest" />
    </UnitTest>
    <UnitTest name="AreStringsEqualTest" storage="c:\users\jhonatan medeiros\source\repos\myclasses\myclassestest\bin\debug\net6.0\myclassestest.dll" id="7b60a29a-57ad-fdf1-b839-f70b4a1c1c9b">
      <Execution id="762aa44e-ede9-4504-a683-95d6c45a7ec2" />
      <TestMethod codeBase="C:\Users\Jhonatan Medeiros\source\repos\MyClasses\MyClassesTest\bin\Debug\net6.0\MyClassesTest.dll" adapterTypeName="executor://mstestadapter/v2" className="MyClassesTest.AssertEqualityTest" name="AreStringsEqualTest" />
    </UnitTest>
    <UnitTest name="StartsWithTest" storage="c:\users\jhonatan medeiros\source\repos\myclasses\myclassestest\bin\debug\net6.0\myclassestest.dll" id="493d7b7e-df7b-d5f9-2de8-9a463daf289c">
      <Execution id="75649fb7-e64a-403c-8b9b-6a595f924ffa" />
      <TestMethod codeBase="C:\Users\Jhonatan Medeiros\source\repos\MyClasses\MyClassesTest\bin\Debug\net6.0\MyClassesTest.dll" adapterTypeName="executor://mstestadapter/v2" className="MyClassesTest.StringAssertClassTest" name="StartsWithTest" />
    </UnitTest>
    <UnitTest name="AreCollectionsEqualWithComparerTest" storage="c:\users\jhonatan medeiros\source\repos\myclasses\myclassestest\bin\debug\net6.0\myclassestest.dll" id="f6745f77-08e8-0245-6617-688928cdf7fa">
      <Execution id="cc69e106-0b27-4b93-b13d-263753d9e851" />
      <TestMethod codeBase="C:\Users\Jhonatan Medeiros\source\repos\MyClasses\MyClassesTest\bin\Debug\net6.0\MyClassesTest.dll" adapterTypeName="executor://mstestadapter/v2" className="MyClassesTest.CollectionAssertClassTest" name="AreCollectionsEqualWithComparerTest" />
    </UnitTest>
    <UnitTest name="SimulateTimeout" storage="c:\users\jhonatan medeiros\source\repos\myclasses\myclassestest\bin\debug\net6.0\myclassestest.dll" id="8b48ffd8-8c07-5f7b-0eb6-d4aee87d6161">
      <Execution id="881019af-657a-4afc-8c89-dcf029bf2f73" />
      <TestMethod codeBase="C:\Users\Jhonatan Medeiros\source\repos\MyClasses\MyClassesTest\bin\Debug\net6.0\MyClassesTest.dll" adapterTypeName="executor://mstestadapter/v2" className="MyClassesTest.FileProcessTest" name="SimulateTimeout" />
    </UnitTest>
    <UnitTest name="AreCollectionsEquivalentTest" storage="c:\users\jhonatan medeiros\source\repos\myclasses\myclassestest\bin\debug\net6.0\myclassestest.dll" id="d3aeb402-f267-838f-70f8-63a0681d2ded">
      <Execution id="872d9b3c-8a6f-4c49-bf09-c4b23a54a9d9" />
      <TestMethod codeBase="C:\Users\Jhonatan Medeiros\source\repos\MyClasses\MyClassesTest\bin\Debug\net6.0\MyClassesTest.dll" adapterTypeName="executor://mstestadapter/v2" className="MyClassesTest.CollectionAssertClassTest" name="AreCollectionsEquivalentTest" />
    </UnitTest>
    <UnitTest name="IsNotAllLowerCaseTest" storage="c:\users\jhonatan medeiros\source\repos\myclasses\myclassestest\bin\debug\net6.0\myclassestest.dll" id="7defa3ef-4072-1146-2676-6f6a26525812">
      <Execution id="ea9e9b4f-3dbb-428a-bc48-32b3fee9c3ad" />
      <TestMethod codeBase="C:\Users\Jhonatan Medeiros\source\repos\MyClasses\MyClassesTest\bin\Debug\net6.0\MyClassesTest.dll" adapterTypeName="executor://mstestadapter/v2" className="MyClassesTest.StringAssertClassTest" name="IsNotAllLowerCaseTest" />
    </UnitTest>
    <UnitTest name="ContainsTest" storage="c:\users\jhonatan medeiros\source\repos\myclasses\myclassestest\bin\debug\net6.0\myclassestest.dll" id="0a89b42c-c480-e003-024c-22e7e8602f9e">
      <Execution id="e9a4d8b1-d104-4b8d-b9d7-a1399abddf2e" />
      <TestMethod codeBase="C:\Users\Jhonatan Medeiros\source\repos\MyClasses\MyClassesTest\bin\Debug\net6.0\MyClassesTest.dll" adapterTypeName="executor://mstestadapter/v2" className="MyClassesTest.StringAssertClassTest" name="ContainsTest" />
    </UnitTest>
    <UnitTest name="AreNumbersNotEqualTest" storage="c:\users\jhonatan medeiros\source\repos\myclasses\myclassestest\bin\debug\net6.0\myclassestest.dll" id="a8ec7669-05fa-c09b-dc1e-ee93d72cc232">
      <Execution id="534b0daa-2834-4a52-b60f-656e1f78592f" />
      <TestMethod codeBase="C:\Users\Jhonatan Medeiros\source\repos\MyClasses\MyClassesTest\bin\Debug\net6.0\MyClassesTest.dll" adapterTypeName="executor://mstestadapter/v2" className="MyClassesTest.AssertEqualityTest" name="AreNumbersNotEqualTest" />
    </UnitTest>
    <UnitTest name="FileNameDoesNotExist" storage="c:\users\jhonatan medeiros\source\repos\myclasses\myclassestest\bin\debug\net6.0\myclassestest.dll" priority="3" id="6f90c9b0-a18c-f05c-3cc2-7cca266a69be">
      <Owners>
        <Owner name="JhonatanM" />
      </Owners>
      <TestCategory>
        <TestCategoryItem TestCategory="NoException" />
      </TestCategory>
      <Execution id="90a0347d-462d-4057-bbbf-48ac9a0d49c9" />
      <TestMethod codeBase="C:\Users\Jhonatan Medeiros\source\repos\MyClasses\MyClassesTest\bin\Debug\net6.0\MyClassesTest.dll" adapterTypeName="executor://mstestadapter/v2" className="MyClassesTest.FileProcessTest" name="FileNameDoesNotExist" />
    </UnitTest>
    <UnitTest name="IsInstanceOfTypeTest" storage="c:\users\jhonatan medeiros\source\repos\myclasses\myclassestest\bin\debug\net6.0\myclassestest.dll" id="349405bd-15be-dc46-9591-e9ec7696e12d">
      <Execution id="b59a6994-9924-44e5-a013-3fdcbc87e422" />
      <TestMethod codeBase="C:\Users\Jhonatan Medeiros\source\repos\MyClasses\MyClassesTest\bin\Debug\net6.0\MyClassesTest.dll" adapterTypeName="executor://mstestadapter/v2" className="MyClassesTest.ObjectTypeTest" name="IsInstanceOfTypeTest" />
    </UnitTest>
    <UnitTest name="FileNameDoesExist" storage="c:\users\jhonatan medeiros\source\repos\myclasses\myclassestest\bin\debug\net6.0\myclassestest.dll" priority="3" id="928aa985-ca73-c448-5d8b-b6e6f1f3a744">
      <Owners>
        <Owner name="JhonatanM" />
      </Owners>
      <TestCategory>
        <TestCategoryItem TestCategory="NoException" />
      </TestCategory>
      <Execution id="b4a4f7d5-55bd-4953-a4fe-3b32a988e8b9" />
      <TestMethod codeBase="C:\Users\Jhonatan Medeiros\source\repos\MyClasses\MyClassesTest\bin\Debug\net6.0\MyClassesTest.dll" adapterTypeName="executor://mstestadapter/v2" className="MyClassesTest.FileProcessTest" name="FileNameDoesExist" />
    </UnitTest>
    <UnitTest name="IsAllLowerCaseTest" storage="c:\users\jhonatan medeiros\source\repos\myclasses\myclassestest\bin\debug\net6.0\myclassestest.dll" id="d249ae36-c5a8-7760-ec6a-9aff2ca54f8c">
      <Execution id="d2da036f-5b4b-4372-aca9-9346b01a36a6" />
      <TestMethod codeBase="C:\Users\Jhonatan Medeiros\source\repos\MyClasses\MyClassesTest\bin\Debug\net6.0\MyClassesTest.dll" adapterTypeName="executor://mstestadapter/v2" className="MyClassesTest.StringAssertClassTest" name="IsAllLowerCaseTest" />
    </UnitTest>
    <UnitTest name="AreStringsEqualCaseInsensitiveTest" storage="c:\users\jhonatan medeiros\source\repos\myclasses\myclassestest\bin\debug\net6.0\myclassestest.dll" id="7f83ca3a-7635-69e1-50de-412fcffcc02c">
      <Execution id="acea2c62-b344-4fa2-bb41-d25e6c79b624" />
      <TestMethod codeBase="C:\Users\Jhonatan Medeiros\source\repos\MyClasses\MyClassesTest\bin\Debug\net6.0\MyClassesTest.dll" adapterTypeName="executor://mstestadapter/v2" className="MyClassesTest.AssertEqualityTest" name="AreStringsEqualCaseInsensitiveTest" />
    </UnitTest>
    <UnitTest name="FileNameNullOrEmpty_UsingExpectedExceptionAttribute" storage="c:\users\jhonatan medeiros\source\repos\myclasses\myclassestest\bin\debug\net6.0\myclassestest.dll" priority="1" id="0afa7d29-06f5-3a62-8ce9-439993ab8178">
      <Owners>
        <Owner name="JhonatanM" />
      </Owners>
      <TestCategory>
        <TestCategoryItem TestCategory="Exception" />
      </TestCategory>
      <Execution id="89336c2c-3225-493b-9552-30580c2346fc" />
      <TestMethod codeBase="C:\Users\Jhonatan Medeiros\source\repos\MyClasses\MyClassesTest\bin\Debug\net6.0\MyClassesTest.dll" adapterTypeName="executor://mstestadapter/v2" className="MyClassesTest.FileProcessTest" name="FileNameNullOrEmpty_UsingExpectedExceptionAttribute" />
    </UnitTest>
    <UnitTest name="IsNullTest" storage="c:\users\jhonatan medeiros\source\repos\myclasses\myclassestest\bin\debug\net6.0\myclassestest.dll" id="a0fd5671-8411-889a-9314-90c3081cc28f">
      <Execution id="420bcdce-70e4-4eaa-ad8c-146b644bf5a1" />
      <TestMethod codeBase="C:\Users\Jhonatan Medeiros\source\repos\MyClasses\MyClassesTest\bin\Debug\net6.0\MyClassesTest.dll" adapterTypeName="executor://mstestadapter/v2" className="MyClassesTest.ObjectTypeTest" name="IsNullTest" />
    </UnitTest>
    <UnitTest name="AreNumbersEqualTest" storage="c:\users\jhonatan medeiros\source\repos\myclasses\myclassestest\bin\debug\net6.0\myclassestest.dll" id="402f6b20-fb4a-3def-4f56-b587cedd1a5a">
      <Execution id="2291ff7d-9aa5-4604-b057-e6bb28b267d0" />
      <TestMethod codeBase="C:\Users\Jhonatan Medeiros\source\repos\MyClasses\MyClassesTest\bin\Debug\net6.0\MyClassesTest.dll" adapterTypeName="executor://mstestadapter/v2" className="MyClassesTest.AssertEqualityTest" name="AreNumbersEqualTest" />
    </UnitTest>
    <UnitTest name="AreCollectionsEqualTest" storage="c:\users\jhonatan medeiros\source\repos\myclasses\myclassestest\bin\debug\net6.0\myclassestest.dll" id="1c9dff2c-341b-c00c-e0a5-7a65188e51ea">
      <Execution id="da917dac-e329-4c00-8096-860acfe436df" />
      <TestMethod codeBase="C:\Users\Jhonatan Medeiros\source\repos\MyClasses\MyClassesTest\bin\Debug\net6.0\MyClassesTest.dll" adapterTypeName="executor://mstestadapter/v2" className="MyClassesTest.CollectionAssertClassTest" name="AreCollectionsEqualTest" />
    </UnitTest>
    <UnitTest name="AreNotSameTest" storage="c:\users\jhonatan medeiros\source\repos\myclasses\myclassestest\bin\debug\net6.0\myclassestest.dll" id="329f17bf-5afb-dd86-9822-1b3c4938b93f">
      <Execution id="291de497-3a36-4bf1-9260-de0dd335df70" />
      <TestMethod codeBase="C:\Users\Jhonatan Medeiros\source\repos\MyClasses\MyClassesTest\bin\Debug\net6.0\MyClassesTest.dll" adapterTypeName="executor://mstestadapter/v2" className="MyClassesTest.ObjectTypeTest" name="AreNotSameTest" />
    </UnitTest>
    <UnitTest name="AreCollectionsNotEqual" storage="c:\users\jhonatan medeiros\source\repos\myclasses\myclassestest\bin\debug\net6.0\myclassestest.dll" id="0879e1d7-37ec-baae-5799-be359437284a">
      <Execution id="afcb7ac1-b548-4329-8bfa-8a140a09d556" />
      <TestMethod codeBase="C:\Users\Jhonatan Medeiros\source\repos\MyClasses\MyClassesTest\bin\Debug\net6.0\MyClassesTest.dll" adapterTypeName="executor://mstestadapter/v2" className="MyClassesTest.CollectionAssertClassTest" name="AreCollectionsNotEqual" />
    </UnitTest>
    <UnitTest name="AreCollectionsEqualTestNumbers" storage="c:\users\jhonatan medeiros\source\repos\myclasses\myclassestest\bin\debug\net6.0\myclassestest.dll" id="6b43e93e-f120-06d2-4b03-fb6b542abd9d">
      <Execution id="71fc25a8-b8ed-4321-8323-cfec7bf348da" />
      <TestMethod codeBase="C:\Users\Jhonatan Medeiros\source\repos\MyClasses\MyClassesTest\bin\Debug\net6.0\MyClassesTest.dll" adapterTypeName="executor://mstestadapter/v2" className="MyClassesTest.CollectionAssertClassTest" name="AreCollectionsEqualTestNumbers" />
    </UnitTest>
  </TestDefinitions>
  <TestEntries>
    <TestEntry testId="0a89b42c-c480-e003-024c-22e7e8602f9e" executionId="e9a4d8b1-d104-4b8d-b9d7-a1399abddf2e" testListId="8c84fa94-04c1-424b-9868-57a2d4851a1d" />
    <TestEntry testId="a0fd5671-8411-889a-9314-90c3081cc28f" executionId="420bcdce-70e4-4eaa-ad8c-146b644bf5a1" testListId="8c84fa94-04c1-424b-9868-57a2d4851a1d" />
    <TestEntry testId="d3aeb402-f267-838f-70f8-63a0681d2ded" executionId="872d9b3c-8a6f-4c49-bf09-c4b23a54a9d9" testListId="8c84fa94-04c1-424b-9868-57a2d4851a1d" />
    <TestEntry testId="43303f6c-43eb-037f-ca5d-af21856519cc" executionId="a530de06-84dc-4b04-ad4b-cb2af5a5e7af" testListId="8c84fa94-04c1-424b-9868-57a2d4851a1d" />
    <TestEntry testId="ae609710-540d-4177-3b0d-c403af3e4c32" executionId="de0faf23-4648-4dac-9edc-fbe149bdd42a" testListId="8c84fa94-04c1-424b-9868-57a2d4851a1d" />
    <TestEntry testId="7defa3ef-4072-1146-2676-6f6a26525812" executionId="ea9e9b4f-3dbb-428a-bc48-32b3fee9c3ad" testListId="8c84fa94-04c1-424b-9868-57a2d4851a1d" />
    <TestEntry testId="f6745f77-08e8-0245-6617-688928cdf7fa" executionId="cc69e106-0b27-4b93-b13d-263753d9e851" testListId="8c84fa94-04c1-424b-9868-57a2d4851a1d" />
    <TestEntry testId="d249ae36-c5a8-7760-ec6a-9aff2ca54f8c" executionId="d2da036f-5b4b-4372-aca9-9346b01a36a6" testListId="8c84fa94-04c1-424b-9868-57a2d4851a1d" />
    <TestEntry testId="928aa985-ca73-c448-5d8b-b6e6f1f3a744" executionId="b4a4f7d5-55bd-4953-a4fe-3b32a988e8b9" testListId="8c84fa94-04c1-424b-9868-57a2d4851a1d" />
    <TestEntry testId="0afa7d29-06f5-3a62-8ce9-439993ab8178" executionId="89336c2c-3225-493b-9552-30580c2346fc" testListId="8c84fa94-04c1-424b-9868-57a2d4851a1d" />
    <TestEntry testId="329f17bf-5afb-dd86-9822-1b3c4938b93f" executionId="291de497-3a36-4bf1-9260-de0dd335df70" testListId="8c84fa94-04c1-424b-9868-57a2d4851a1d" />
    <TestEntry testId="e40784d4-b509-7b24-dc06-ffcaafa43c7b" executionId="5b9224ca-4461-4f29-85a8-39cf50b2ca04" testListId="8c84fa94-04c1-424b-9868-57a2d4851a1d" />
    <TestEntry testId="349405bd-15be-dc46-9591-e9ec7696e12d" executionId="b59a6994-9924-44e5-a013-3fdcbc87e422" testListId="8c84fa94-04c1-424b-9868-57a2d4851a1d" />
    <TestEntry testId="0879e1d7-37ec-baae-5799-be359437284a" executionId="afcb7ac1-b548-4329-8bfa-8a140a09d556" testListId="8c84fa94-04c1-424b-9868-57a2d4851a1d" />
    <TestEntry testId="1c9dff2c-341b-c00c-e0a5-7a65188e51ea" executionId="da917dac-e329-4c00-8096-860acfe436df" testListId="8c84fa94-04c1-424b-9868-57a2d4851a1d" />
    <TestEntry testId="8b48ffd8-8c07-5f7b-0eb6-d4aee87d6161" executionId="881019af-657a-4afc-8c89-dcf029bf2f73" testListId="8c84fa94-04c1-424b-9868-57a2d4851a1d" />
    <TestEntry testId="a8ec7669-05fa-c09b-dc1e-ee93d72cc232" executionId="534b0daa-2834-4a52-b60f-656e1f78592f" testListId="8c84fa94-04c1-424b-9868-57a2d4851a1d" />
    <TestEntry testId="7f83ca3a-7635-69e1-50de-412fcffcc02c" executionId="acea2c62-b344-4fa2-bb41-d25e6c79b624" testListId="8c84fa94-04c1-424b-9868-57a2d4851a1d" />
    <TestEntry testId="7b60a29a-57ad-fdf1-b839-f70b4a1c1c9b" executionId="762aa44e-ede9-4504-a683-95d6c45a7ec2" testListId="8c84fa94-04c1-424b-9868-57a2d4851a1d" />
    <TestEntry testId="6b43e93e-f120-06d2-4b03-fb6b542abd9d" executionId="71fc25a8-b8ed-4321-8323-cfec7bf348da" testListId="8c84fa94-04c1-424b-9868-57a2d4851a1d" />
    <TestEntry testId="402f6b20-fb4a-3def-4f56-b587cedd1a5a" executionId="2291ff7d-9aa5-4604-b057-e6bb28b267d0" testListId="8c84fa94-04c1-424b-9868-57a2d4851a1d" />
    <TestEntry testId="493d7b7e-df7b-d5f9-2de8-9a463daf289c" executionId="75649fb7-e64a-403c-8b9b-6a595f924ffa" testListId="8c84fa94-04c1-424b-9868-57a2d4851a1d" />
    <TestEntry testId="6f90c9b0-a18c-f05c-3cc2-7cca266a69be" executionId="90a0347d-462d-4057-bbbf-48ac9a0d49c9" testListId="8c84fa94-04c1-424b-9868-57a2d4851a1d" />
  </TestEntries>
  <TestLists>
    <TestList name="Resultados que não estão em uma lista" id="8c84fa94-04c1-424b-9868-57a2d4851a1d" />
    <TestList name="Todos os resultados carregados" id="19431567-8539-422a-85d7-44ee4e166bda" />
  </TestLists>
  <ResultSummary outcome="Completed">
    <Counters total="23" executed="22" passed="22" failed="0" error="0" timeout="0" aborted="0" inconclusive="0" passedButRunAborted="0" notRunnable="0" notExecuted="0" disconnected="0" warning="0" completed="0" inProgress="0" pending="0" />
    <Output>
      <StdOut>O teste 'SimulateTimeout' foi ignorado na execução de teste.&#xD;
</StdOut>
    </Output>
  </ResultSummary>
</TestRun>