<?xml version="1.0" encoding="utf-8"?>
<TestRun id="8138b572-b266-48e1-9d86-ee4d402cfdc4" name="Jhonatan Medeiros@DESKTOP-8DRS4MO 2023-11-07 18:15:19" runUser="DESKTOP-8DRS4MO\Jhonatan Medeiros" xmlns="http://microsoft.com/schemas/VisualStudio/TeamTest/2010">
  <Times creation="2023-11-07T18:15:19.5891724-03:00" queuing="2023-11-07T18:15:19.5891725-03:00" start="2023-11-07T18:15:19.0417838-03:00" finish="2023-11-07T18:15:19.5966493-03:00" />
  <TestSettings name="default" id="2db57ed6-4768-4a6f-9e8c-8ac8ec995727">
    <Deployment runDeploymentRoot="Jhonatan_Medeiros_DESKTOP-8DRS4MO_2023-11-07_18_15_19" />
  </TestSettings>
  <Results>
    <UnitTestResult executionId="e2f4b9ea-06ee-4979-b8fb-c1950d2df557" testId="0afa7d29-06f5-3a62-8ce9-439993ab8178" testName="FileNameNullOrEmpty_UsingExpectedExceptionAttribute" computerName="DESKTOP-8DRS4MO" duration="00:00:00.0010681" startTime="2023-11-07T18:15:19.4944430-03:00" endTime="2023-11-07T18:15:19.4957777-03:00" testType="13cdc9d9-ddb5-4fa4-a97d-d965ccfc6d4b" outcome="Passed" testListId="8c84fa94-04c1-424b-9868-57a2d4851a1d" relativeResultsDirectory="e2f4b9ea-06ee-4979-b8fb-c1950d2df557">
      <Output>
        <StdOut>TestContext Messages:
in FileProcessTest.TestInitialize() method&#xD;
 Test Purpose: Check for a thrown ArgumentNullException using ExpectedException.
Test Owner: JhonatanM.&#xD;
Checking for an empty file name.</StdOut>
      </Output>
    </UnitTestResult>
    <UnitTestResult executionId="37da21f5-09ea-4782-8ab1-56741926a521" testId="e40784d4-b509-7b24-dc06-ffcaafa43c7b" testName="FileNameNullOrEmpty_UsingTryCatch_ShouldReturnThrowArgumentNullException" computerName="DESKTOP-8DRS4MO" duration="00:00:00.0035302" startTime="2023-11-07T18:15:19.4762329-03:00" endTime="2023-11-07T18:15:19.4898706-03:00" testType="13cdc9d9-ddb5-4fa4-a97d-d965ccfc6d4b" outcome="Passed" testListId="8c84fa94-04c1-424b-9868-57a2d4851a1d" relativeResultsDirectory="37da21f5-09ea-4782-8ab1-56741926a521">
      <Output>
        <StdOut>TestContext Messages:
In MyClassesTest.AssemblyInitCleanup.Assembly&#xD;
In FileProcessTest.ClassInitialize() method&#xD;
in FileProcessTest.TestInitialize() method&#xD;
 Test Purpose: Check for a thrown ArgumentNullException using ExpectedException.
Test Owner: JhonatanM.&#xD;
Checking for an empty file name.</StdOut>
      </Output>
    </UnitTestResult>
  </Results>
  <TestDefinitions>
    <UnitTest name="FileNameNullOrEmpty_UsingExpectedExceptionAttribute" storage="c:\users\jhonatan medeiros\source\repos\myclasses\myclassestest\bin\debug\net6.0\myclassestest.dll" priority="1" id="0afa7d29-06f5-3a62-8ce9-439993ab8178">
      <Owners>
        <Owner name="JhonatanM" />
      </Owners>
      <TestCategory>
        <TestCategoryItem TestCategory="Exception" />
      </TestCategory>
      <Execution id="e2f4b9ea-06ee-4979-b8fb-c1950d2df557" />
      <TestMethod codeBase="C:\Users\Jhonatan Medeiros\source\repos\MyClasses\MyClassesTest\bin\Debug\net6.0\MyClassesTest.dll" adapterTypeName="executor://mstestadapter/v2" className="MyClassesTest.FileProcessTest" name="FileNameNullOrEmpty_UsingExpectedExceptionAttribute" />
    </UnitTest>
    <UnitTest name="FileNameNullOrEmpty_UsingTryCatch_ShouldReturnThrowArgumentNullException" storage="c:\users\jhonatan medeiros\source\repos\myclasses\myclassestest\bin\debug\net6.0\myclassestest.dll" priority="2" id="e40784d4-b509-7b24-dc06-ffcaafa43c7b">
      <Owners>
        <Owner name="JhonatanM" />
      </Owners>
      <TestCategory>
        <TestCategoryItem TestCategory="Exception" />
      </TestCategory>
      <Execution id="37da21f5-09ea-4782-8ab1-56741926a521" />
      <TestMethod codeBase="C:\Users\Jhonatan Medeiros\source\repos\MyClasses\MyClassesTest\bin\Debug\net6.0\MyClassesTest.dll" adapterTypeName="executor://mstestadapter/v2" className="MyClassesTest.FileProcessTest" name="FileNameNullOrEmpty_UsingTryCatch_ShouldReturnThrowArgumentNullException" />
    </UnitTest>
  </TestDefinitions>
  <TestEntries>
    <TestEntry testId="0afa7d29-06f5-3a62-8ce9-439993ab8178" executionId="e2f4b9ea-06ee-4979-b8fb-c1950d2df557" testListId="8c84fa94-04c1-424b-9868-57a2d4851a1d" />
    <TestEntry testId="e40784d4-b509-7b24-dc06-ffcaafa43c7b" executionId="37da21f5-09ea-4782-8ab1-56741926a521" testListId="8c84fa94-04c1-424b-9868-57a2d4851a1d" />
  </TestEntries>
  <TestLists>
    <TestList name="Resultados que não estão em uma lista" id="8c84fa94-04c1-424b-9868-57a2d4851a1d" />
    <TestList name="Todos os resultados carregados" id="19431567-8539-422a-85d7-44ee4e166bda" />
  </TestLists>
  <ResultSummary outcome="Completed">
    <Counters total="2" executed="2" passed="2" failed="0" error="0" timeout="0" aborted="0" inconclusive="0" passedButRunAborted="0" notRunnable="0" notExecuted="0" disconnected="0" warning="0" completed="0" inProgress="0" pending="0" />
  </ResultSummary>
</TestRun>