<?xml version="1.0" encoding="utf-8"?>
<TestRun id="7f60b144-54a6-488a-939c-e4e701d52312" name="Jhonatan Medeiros@DESKTOP-8DRS4MO 2023-11-07 17:42:44" runUser="DESKTOP-8DRS4MO\Jhonatan Medeiros" xmlns="http://microsoft.com/schemas/VisualStudio/TeamTest/2010">
  <Times creation="2023-11-07T17:42:44.3743575-03:00" queuing="2023-11-07T17:42:44.3743575-03:00" start="2023-11-07T17:42:43.9643214-03:00" finish="2023-11-07T17:42:44.3743575-03:00" />
  <TestSettings name="default" id="25b63e25-f961-4171-9cc5-8a6734b8ac1d">
    <Deployment runDeploymentRoot="Jhonatan_Medeiros_DESKTOP-8DRS4MO_2023-11-07_17_42_44" />
  </TestSettings>
  <Results>
    <UnitTestResult executionId="e5e5d77d-d4f6-41fc-a20e-4d22e9181ac1" testId="cb72b136-8a02-2c92-4c07-3e19639cb463" testName="FileNameDoesExistUsingDeploymentItem" computerName="DESKTOP-8DRS4MO" duration="00:00:00.0034809" startTime="2023-11-07T17:42:44.3044030-03:00" endTime="2023-11-07T17:42:44.3299243-03:00" testType="13cdc9d9-ddb5-4fa4-a97d-d965ccfc6d4b" outcome="Passed" testListId="8c84fa94-04c1-424b-9868-57a2d4851a1d" relativeResultsDirectory="e5e5d77d-d4f6-41fc-a20e-4d22e9181ac1">
      <Output>
        <StdOut>TestContext Messages:
In MyClassesTest.AssemblyInitCleanup.Assembly&#xD;
In FileProcessTest.ClassInitialize() method&#xD;
in FileProcessTest.TestInitialize() method&#xD;
 Test Purpose: Check to see if a file exists using the [DeploymentItem] attribute..
Test Owner: JhonatanM.&#xD;
Checking for File: 'FileToDeploy.txt' in folder 'C:\Users\Jhonatan Medeiros\source\repos\MyClasses\MyClassesTest\bin\Debug\net6.0'</StdOut>
      </Output>
    </UnitTestResult>
  </Results>
  <TestDefinitions>
    <UnitTest name="FileNameDoesExistUsingDeploymentItem" storage="c:\users\jhonatan medeiros\source\repos\myclasses\myclassestest\bin\debug\net6.0\myclassestest.dll" priority="3" id="cb72b136-8a02-2c92-4c07-3e19639cb463">
      <Owners>
        <Owner name="JhonatanM" />
      </Owners>
      <TestCategory>
        <TestCategoryItem TestCategory="NoException" />
      </TestCategory>
      <Execution id="e5e5d77d-d4f6-41fc-a20e-4d22e9181ac1" />
      <TestMethod codeBase="C:\Users\Jhonatan Medeiros\source\repos\MyClasses\MyClassesTest\bin\Debug\net6.0\MyClassesTest.dll" adapterTypeName="executor://mstestadapter/v2" className="MyClassesTest.FileProcessTest" name="FileNameDoesExistUsingDeploymentItem" />
    </UnitTest>
  </TestDefinitions>
  <TestEntries>
    <TestEntry testId="cb72b136-8a02-2c92-4c07-3e19639cb463" executionId="e5e5d77d-d4f6-41fc-a20e-4d22e9181ac1" testListId="8c84fa94-04c1-424b-9868-57a2d4851a1d" />
  </TestEntries>
  <TestLists>
    <TestList name="Resultados que não estão em uma lista" id="8c84fa94-04c1-424b-9868-57a2d4851a1d" />
    <TestList name="Todos os resultados carregados" id="19431567-8539-422a-85d7-44ee4e166bda" />
  </TestLists>
  <ResultSummary outcome="Completed">
    <Counters total="1" executed="1" passed="1" failed="0" error="0" timeout="0" aborted="0" inconclusive="0" passedButRunAborted="0" notRunnable="0" notExecuted="0" disconnected="0" warning="0" completed="0" inProgress="0" pending="0" />
    <RunInfos>
      <RunInfo computerName="DESKTOP-8DRS4MO" outcome="Warning" timestamp="2023-11-07T17:42:44.2882691-03:00">
        <Text>Test Run deployment issue: Failed to copy file 'C:\Users\Jhonatan Medeiros\source\repos\MyClasses\MyClassesTest\bin\Debug\net6.0\FileToDeploy.txt' to 'C:\Users\Jhonatan Medeiros\source\repos\MyClasses\MyClassesTest\bin\Debug\net6.0\FileToDeploy.txt': System.IO.IOException: The process cannot access the file 'C:\Users\Jhonatan Medeiros\source\repos\MyClasses\MyClassesTest\bin\Debug\net6.0\FileToDeploy.txt' because it is being used by another process.</Text>
      </RunInfo>
    </RunInfos>
  </ResultSummary>
</TestRun>