<?xml version="1.0" encoding="utf-8"?>
<TestRun id="55e85662-1643-4768-b282-b3ac4265f3fc" name="Jhonatan Medeiros@DESKTOP-8DRS4MO 2023-11-07 10:37:03" runUser="DESKTOP-8DRS4MO\Jhonatan Medeiros" xmlns="http://microsoft.com/schemas/VisualStudio/TeamTest/2010">
  <Times creation="2023-11-07T10:37:03.1233890-03:00" queuing="2023-11-07T10:37:03.1233890-03:00" start="2023-11-07T10:37:01.3242738-03:00" finish="2023-11-07T10:37:04.7031988-03:00" />
  <TestSettings name="default" id="e5f59b26-ae95-401d-b8cd-a74eb4ec4608">
    <Deployment runDeploymentRoot="Jhonatan_Medeiros_DESKTOP-8DRS4MO_2023-11-07_10_37_03" />
  </TestSettings>
  <Results>
    <UnitTestResult executionId="fa02dde8-878a-48e1-8bc1-1ed60c1a01bf" testId="e40784d4-b509-7b24-dc06-ffcaafa43c7b" testName="FileNameNullOrEmpty_UsingTryCatch_ShouldReturnThrowArgumentNullException" computerName="DESKTOP-8DRS4MO" duration="00:00:00.0001288" startTime="2023-11-07T10:37:01.6767962-03:00" endTime="2023-11-07T10:37:01.6769723-03:00" testType="13cdc9d9-ddb5-4fa4-a97d-d965ccfc6d4b" outcome="Passed" testListId="8c84fa94-04c1-424b-9868-57a2d4851a1d" relativeResultsDirectory="fa02dde8-878a-48e1-8bc1-1ed60c1a01bf">
      <Output>
        <StdOut>TestContext Messages:
in FileProcessTest.TestInitialize() method&#xD;
 Test Purpose: Check for a thrown ArgumentNullException using ExpectedException.
Test Owner: JhonatanM.&#xD;
Checking for an empty file name.</StdOut>
      </Output>
    </UnitTestResult>
    <UnitTestResult executionId="5f9ef19a-8e36-40e8-a8cc-d1983c32b077" testId="6f90c9b0-a18c-f05c-3cc2-7cca266a69be" testName="FileNameDoesNotExist" computerName="DESKTOP-8DRS4MO" duration="00:00:00.0001705" startTime="2023-11-07T10:37:01.6752660-03:00" endTime="2023-11-07T10:37:01.6755302-03:00" testType="13cdc9d9-ddb5-4fa4-a97d-d965ccfc6d4b" outcome="Passed" testListId="8c84fa94-04c1-424b-9868-57a2d4851a1d" relativeResultsDirectory="5f9ef19a-8e36-40e8-a8cc-d1983c32b077">
      <Output>
        <StdOut>TestContext Messages:
in FileProcessTest.TestInitialize() method&#xD;
 Test Purpose: Check to see if file does not exist.
Test Owner: JhonatanM.&#xD;
Checking for File: 'C:\NotExists.txt' does NOT exist.</StdOut>
      </Output>
    </UnitTestResult>
    <UnitTestResult executionId="4a71f4dc-138e-4e0c-9918-5a57ebdb1c84" testId="0afa7d29-06f5-3a62-8ce9-439993ab8178" testName="FileNameNullOrEmpty_UsingExpectedExceptionAttribute" computerName="DESKTOP-8DRS4MO" duration="00:00:00.0010912" startTime="2023-11-07T10:37:01.6755955-03:00" endTime="2023-11-07T10:37:01.6767706-03:00" testType="13cdc9d9-ddb5-4fa4-a97d-d965ccfc6d4b" outcome="Passed" testListId="8c84fa94-04c1-424b-9868-57a2d4851a1d" relativeResultsDirectory="4a71f4dc-138e-4e0c-9918-5a57ebdb1c84">
      <Output>
        <StdOut>TestContext Messages:
in FileProcessTest.TestInitialize() method&#xD;
 Test Purpose: Check for a thrown ArgumentNullException using ExpectedException.
Test Owner: JhonatanM.&#xD;
Checking for an empty file name.</StdOut>
      </Output>
    </UnitTestResult>
    <UnitTestResult executionId="052fa41c-1c9e-4eb2-8a4f-4ca7fe857f55" testId="928aa985-ca73-c448-5d8b-b6e6f1f3a744" testName="FileNameDoesExist" computerName="DESKTOP-8DRS4MO" duration="00:00:00.0061529" startTime="2023-11-07T10:37:01.6427408-03:00" endTime="2023-11-07T10:37:01.6703367-03:00" testType="13cdc9d9-ddb5-4fa4-a97d-d965ccfc6d4b" outcome="Passed" testListId="8c84fa94-04c1-424b-9868-57a2d4851a1d" relativeResultsDirectory="052fa41c-1c9e-4eb2-8a4f-4ca7fe857f55">
      <Output>
        <StdOut>TestContext Messages:
In MyClassesTest.AssemblyInitCleanup.Assembly&#xD;
In FileProcessTest.ClassInitialize() method&#xD;
in FileProcessTest.TestInitialize() method&#xD;
 Test Purpose: Check to see if a file exists.
Test Owner: JhonatanM.&#xD;
Checking for File: 'C:\Users\Jhonatan Medeiros\AppData\Roaming\TestFile.txt'.</StdOut>
      </Output>
    </UnitTestResult>
    <UnitTestResult executionId="f3c923c2-ce04-4142-91d9-faa4f22b9b95" testId="8b48ffd8-8c07-5f7b-0eb6-d4aee87d6161" testName="SimulateTimeout" computerName="DESKTOP-8DRS4MO" duration="00:00:03.0064982" startTime="2023-11-07T10:37:01.6769915-03:00" endTime="2023-11-07T10:37:04.6841469-03:00" testType="13cdc9d9-ddb5-4fa4-a97d-d965ccfc6d4b" outcome="Failed" testListId="8c84fa94-04c1-424b-9868-57a2d4851a1d" relativeResultsDirectory="f3c923c2-ce04-4142-91d9-faa4f22b9b95">
      <Output>
        <StdOut>TestContext Messages:
in FileProcessTest.TestInitialize() method</StdOut>
        <ErrorInfo>
          <Message>Test 'SimulateTimeout' exceeded execution timeout period.</Message>
        </ErrorInfo>
      </Output>
    </UnitTestResult>
  </Results>
  <TestDefinitions>
    <UnitTest name="FileNameDoesExist" storage="c:\users\jhonatan medeiros\source\repos\myclasses\myclassestest\bin\debug\net6.0\myclassestest.dll" priority="3" id="928aa985-ca73-c448-5d8b-b6e6f1f3a744">
      <Owners>
        <Owner name="JhonatanM" />
      </Owners>
      <TestCategory>
        <TestCategoryItem TestCategory="NoException" />
      </TestCategory>
      <Execution id="052fa41c-1c9e-4eb2-8a4f-4ca7fe857f55" />
      <TestMethod codeBase="C:\Users\Jhonatan Medeiros\source\repos\MyClasses\MyClassesTest\bin\Debug\net6.0\MyClassesTest.dll" adapterTypeName="executor://mstestadapter/v2" className="MyClassesTest.FileProcessTest" name="FileNameDoesExist" />
    </UnitTest>
    <UnitTest name="SimulateTimeout" storage="c:\users\jhonatan medeiros\source\repos\myclasses\myclassestest\bin\debug\net6.0\myclassestest.dll" id="8b48ffd8-8c07-5f7b-0eb6-d4aee87d6161">
      <Execution id="f3c923c2-ce04-4142-91d9-faa4f22b9b95" />
      <TestMethod codeBase="C:\Users\Jhonatan Medeiros\source\repos\MyClasses\MyClassesTest\bin\Debug\net6.0\MyClassesTest.dll" adapterTypeName="executor://mstestadapter/v2" className="MyClassesTest.FileProcessTest" name="SimulateTimeout" />
    </UnitTest>
    <UnitTest name="FileNameNullOrEmpty_UsingExpectedExceptionAttribute" storage="c:\users\jhonatan medeiros\source\repos\myclasses\myclassestest\bin\debug\net6.0\myclassestest.dll" priority="1" id="0afa7d29-06f5-3a62-8ce9-439993ab8178">
      <Owners>
        <Owner name="JhonatanM" />
      </Owners>
      <TestCategory>
        <TestCategoryItem TestCategory="Exception" />
      </TestCategory>
      <Execution id="4a71f4dc-138e-4e0c-9918-5a57ebdb1c84" />
      <TestMethod codeBase="C:\Users\Jhonatan Medeiros\source\repos\MyClasses\MyClassesTest\bin\Debug\net6.0\MyClassesTest.dll" adapterTypeName="executor://mstestadapter/v2" className="MyClassesTest.FileProcessTest" name="FileNameNullOrEmpty_UsingExpectedExceptionAttribute" />
    </UnitTest>
    <UnitTest name="FileNameNullOrEmpty_UsingTryCatch_ShouldReturnThrowArgumentNullException" storage="c:\users\jhonatan medeiros\source\repos\myclasses\myclassestest\bin\debug\net6.0\myclassestest.dll" priority="2" id="e40784d4-b509-7b24-dc06-ffcaafa43c7b">
      <Owners>
        <Owner name="JhonatanM" />
      </Owners>
      <TestCategory>
        <TestCategoryItem TestCategory="Exception" />
      </TestCategory>
      <Execution id="fa02dde8-878a-48e1-8bc1-1ed60c1a01bf" />
      <TestMethod codeBase="C:\Users\Jhonatan Medeiros\source\repos\MyClasses\MyClassesTest\bin\Debug\net6.0\MyClassesTest.dll" adapterTypeName="executor://mstestadapter/v2" className="MyClassesTest.FileProcessTest" name="FileNameNullOrEmpty_UsingTryCatch_ShouldReturnThrowArgumentNullException" />
    </UnitTest>
    <UnitTest name="FileNameDoesNotExist" storage="c:\users\jhonatan medeiros\source\repos\myclasses\myclassestest\bin\debug\net6.0\myclassestest.dll" priority="3" id="6f90c9b0-a18c-f05c-3cc2-7cca266a69be">
      <Owners>
        <Owner name="JhonatanM" />
      </Owners>
      <TestCategory>
        <TestCategoryItem TestCategory="NoException" />
      </TestCategory>
      <Execution id="5f9ef19a-8e36-40e8-a8cc-d1983c32b077" />
      <TestMethod codeBase="C:\Users\Jhonatan Medeiros\source\repos\MyClasses\MyClassesTest\bin\Debug\net6.0\MyClassesTest.dll" adapterTypeName="executor://mstestadapter/v2" className="MyClassesTest.FileProcessTest" name="FileNameDoesNotExist" />
    </UnitTest>
  </TestDefinitions>
  <TestEntries>
    <TestEntry testId="e40784d4-b509-7b24-dc06-ffcaafa43c7b" executionId="fa02dde8-878a-48e1-8bc1-1ed60c1a01bf" testListId="8c84fa94-04c1-424b-9868-57a2d4851a1d" />
    <TestEntry testId="6f90c9b0-a18c-f05c-3cc2-7cca266a69be" executionId="5f9ef19a-8e36-40e8-a8cc-d1983c32b077" testListId="8c84fa94-04c1-424b-9868-57a2d4851a1d" />
    <TestEntry testId="0afa7d29-06f5-3a62-8ce9-439993ab8178" executionId="4a71f4dc-138e-4e0c-9918-5a57ebdb1c84" testListId="8c84fa94-04c1-424b-9868-57a2d4851a1d" />
    <TestEntry testId="928aa985-ca73-c448-5d8b-b6e6f1f3a744" executionId="052fa41c-1c9e-4eb2-8a4f-4ca7fe857f55" testListId="8c84fa94-04c1-424b-9868-57a2d4851a1d" />
    <TestEntry testId="8b48ffd8-8c07-5f7b-0eb6-d4aee87d6161" executionId="f3c923c2-ce04-4142-91d9-faa4f22b9b95" testListId="8c84fa94-04c1-424b-9868-57a2d4851a1d" />
  </TestEntries>
  <TestLists>
    <TestList name="Resultados que não estão em uma lista" id="8c84fa94-04c1-424b-9868-57a2d4851a1d" />
    <TestList name="Todos os resultados carregados" id="19431567-8539-422a-85d7-44ee4e166bda" />
  </TestLists>
  <ResultSummary outcome="Failed">
    <Counters total="5" executed="5" passed="4" failed="1" error="0" timeout="0" aborted="0" inconclusive="0" passedButRunAborted="0" notRunnable="0" notExecuted="0" disconnected="0" warning="0" completed="0" inProgress="0" pending="0" />
  </ResultSummary>
</TestRun>